2025-02-11 15:25:50,587 - INFO: Using font: /app/input/BebasNeue-Regular.ttf [video_processor.py:51]
2025-02-11 15:25:50,589 - INFO: Input folder: /app/input [video_processor.py:54]
2025-02-11 15:25:50,591 - INFO: Font path: /app/input/BebasNeue-Regular.ttf [video_processor.py:55]
2025-02-11 15:25:50,594 - INFO: Font exists: True [video_processor.py:56]
2025-02-11 15:25:50,601 - INFO: Directory contents: [PosixPath('/app/input/affirmation.mp3'), PosixPath('/app/input/author.txt'), PosixPath('/app/input/background.mp4'), PosixPath('/app/input/BebasNeue-Regular.ttf'), PosixPath('/app/input/body.TXT'), PosixPath('/app/input/Cormorant_Garamond.zip'), PosixPath('/app/input/curl'), PosixPath('/app/input/header_text.TXT'), PosixPath('/app/input/logo.png'), PosixPath('/app/input/music.mp3'), PosixPath('/app/input/processed_1733135043_affirmation.mp4'), PosixPath('/app/input/sound.mp3')] [video_processor.py:57]
2025-02-11 15:25:50,614 - INFO: Starting video processing... [video_processor.py:168]
2025-02-11 15:25:50,623 - INFO: Loading audio from: /app/uploads/combined_audio.mp3 [video_processor.py:180]
2025-02-11 15:25:50,698 - INFO: Audio loaded successfully [video_processor.py:183]
2025-02-11 15:25:50,701 - INFO: Loading video from: /app/input/background.mp4 [video_processor.py:188]
2025-02-11 15:25:50,881 - INFO: Video loaded successfully [video_processor.py:190]
2025-02-11 15:25:50,920 - INFO: Creating overlay elements... [video_processor.py:199]
2025-02-11 15:25:51,146 - ERROR: Error processing video: MoviePy Error: creation of None failed because of the following error:

convert: attempt to perform an operation not allowed by the security policy `@/tmp/tmpm4a1219o.txt' @ error/property.c/InterpretImageProperties/3708.
convert: no images defined `PNG32:/tmp/tmpgoihhv39.png' @ error/convert.c/ConvertImageCommand/3229.
.

.This error can be due to the fact that ImageMagick is not installed on your computer, or (for Windows users) that you didn't specify the path to the ImageMagick binary in file conf.py, or that the path you specified is incorrect [video_processor.py:278]
2025-02-11 15:29:21,128 - INFO: Using font: /app/input/BebasNeue-Regular.ttf [video_processor.py:51]
2025-02-11 15:29:21,129 - INFO: Input folder: /app/input [video_processor.py:54]
2025-02-11 15:29:21,131 - INFO: Font path: /app/input/BebasNeue-Regular.ttf [video_processor.py:55]
2025-02-11 15:29:21,137 - INFO: Font exists: True [video_processor.py:56]
2025-02-11 15:29:21,146 - INFO: Directory contents: [PosixPath('/app/input/affirmation.mp3'), PosixPath('/app/input/author.txt'), PosixPath('/app/input/background.mp4'), PosixPath('/app/input/BebasNeue-Regular.ttf'), PosixPath('/app/input/body.TXT'), PosixPath('/app/input/Cormorant_Garamond.zip'), PosixPath('/app/input/curl'), PosixPath('/app/input/header_text.TXT'), PosixPath('/app/input/logo.png'), PosixPath('/app/input/music.mp3'), PosixPath('/app/input/processed_1733135043_affirmation.mp4'), PosixPath('/app/input/sound.mp3')] [video_processor.py:57]
2025-02-11 15:29:21,163 - INFO: Starting video processing... [video_processor.py:168]
2025-02-11 15:29:21,167 - INFO: Loading audio from: /app/uploads/combined_audio.mp3 [video_processor.py:180]
2025-02-11 15:29:21,276 - INFO: Audio loaded successfully [video_processor.py:183]
2025-02-11 15:29:21,278 - INFO: Loading video from: /app/input/background.mp4 [video_processor.py:188]
2025-02-11 15:29:21,517 - INFO: Video loaded successfully [video_processor.py:190]
2025-02-11 15:29:21,558 - INFO: Creating overlay elements... [video_processor.py:199]
2025-02-11 15:29:22,163 - INFO: Compositing final video... [video_processor.py:247]
2025-02-11 15:29:22,260 - INFO: Writing output to: processed1739287761video.mp4 [video_processor.py:256]
2025-02-11 15:29:33,920 - INFO: Video processing completed: processed1739287761video.mp4 [video_processor.py:273]
2025-02-11 15:29:33,922 - INFO: Starting cleanup of processed videos older than 24 hours... [video_processor.py:126]
2025-02-11 15:29:33,931 - INFO: Cleanup completed. Deleted 0 files. [video_processor.py:152]
2025-02-11 15:32:45,041 - INFO: Using font: /app/input/BebasNeue-Regular.ttf [video_processor.py:51]
2025-02-11 15:32:45,043 - INFO: Input folder: /app/input [video_processor.py:54]
2025-02-11 15:32:45,048 - INFO: Font path: /app/input/BebasNeue-Regular.ttf [video_processor.py:55]
2025-02-11 15:32:45,053 - INFO: Font exists: True [video_processor.py:56]
2025-02-11 15:32:45,059 - INFO: Directory contents: [PosixPath('/app/input/affirmation.mp3'), PosixPath('/app/input/author.txt'), PosixPath('/app/input/background.mp4'), PosixPath('/app/input/BebasNeue-Regular.ttf'), PosixPath('/app/input/body.TXT'), PosixPath('/app/input/Cormorant_Garamond.zip'), PosixPath('/app/input/curl'), PosixPath('/app/input/header_text.TXT'), PosixPath('/app/input/logo.png'), PosixPath('/app/input/music.mp3'), PosixPath('/app/input/processed_1733135043_affirmation.mp4'), PosixPath('/app/input/sound.mp3')] [video_processor.py:57]
2025-02-11 15:32:45,077 - INFO: Starting video processing... [video_processor.py:168]
2025-02-11 15:32:45,080 - INFO: Loading audio from: /app/uploads/combined_audio.mp3 [video_processor.py:180]
2025-02-11 15:32:45,166 - INFO: Audio loaded successfully [video_processor.py:183]
2025-02-11 15:32:45,169 - INFO: Loading video from: /app/input/background.mp4 [video_processor.py:188]
2025-02-11 15:32:45,425 - INFO: Video loaded successfully [video_processor.py:190]
2025-02-11 15:32:45,464 - INFO: Creating overlay elements... [video_processor.py:199]
2025-02-11 15:32:46,341 - INFO: Compositing final video... [video_processor.py:247]
2025-02-11 15:32:46,422 - INFO: Writing output to: processed1739287965video.mp4 [video_processor.py:256]
2025-02-11 15:33:04,210 - INFO: Video processing completed: processed1739287965video.mp4 [video_processor.py:273]
2025-02-11 15:33:04,212 - INFO: Starting cleanup of processed videos older than 24 hours... [video_processor.py:126]
2025-02-11 15:33:04,225 - INFO: Cleanup completed. Deleted 0 files. [video_processor.py:152]
2025-02-11 15:37:26,261 - INFO: Using font: /app/input/BebasNeue-Regular.ttf [video_processor.py:51]
2025-02-11 15:37:26,264 - INFO: Input folder: /app/input [video_processor.py:54]
2025-02-11 15:37:26,269 - INFO: Font path: /app/input/BebasNeue-Regular.ttf [video_processor.py:55]
2025-02-11 15:37:26,286 - INFO: Font exists: True [video_processor.py:56]
2025-02-11 15:37:26,314 - INFO: Directory contents: [PosixPath('/app/input/affirmation.mp3'), PosixPath('/app/input/author.txt'), PosixPath('/app/input/background.mp4'), PosixPath('/app/input/BebasNeue-Regular.ttf'), PosixPath('/app/input/body.TXT'), PosixPath('/app/input/Cormorant_Garamond.zip'), PosixPath('/app/input/curl'), PosixPath('/app/input/header_text.TXT'), PosixPath('/app/input/logo.png'), PosixPath('/app/input/music.mp3'), PosixPath('/app/input/processed_1733135043_affirmation.mp4'), PosixPath('/app/input/sound.mp3')] [video_processor.py:57]
2025-02-11 15:37:26,382 - INFO: Starting video processing... [video_processor.py:168]
2025-02-11 15:37:26,392 - INFO: Loading audio from: /app/uploads/combined_audio.mp3 [video_processor.py:180]
2025-02-11 15:37:26,556 - INFO: Audio loaded successfully [video_processor.py:183]
2025-02-11 15:37:26,570 - INFO: Loading video from: /app/input/background.mp4 [video_processor.py:188]
2025-02-11 15:37:27,006 - INFO: Video loaded successfully [video_processor.py:190]
2025-02-11 15:37:27,057 - INFO: Creating overlay elements... [video_processor.py:199]
2025-02-11 15:37:28,251 - INFO: Compositing final video... [video_processor.py:247]
2025-02-11 15:37:28,383 - INFO: Writing output to: processed1739288246video.mp4 [video_processor.py:256]
2025-02-11 15:37:46,580 - INFO: Video processing completed: processed1739288246video.mp4 [video_processor.py:273]
2025-02-11 15:37:46,583 - INFO: Starting cleanup of processed videos older than 24 hours... [video_processor.py:126]
2025-02-11 15:37:46,595 - INFO: Cleanup completed. Deleted 0 files. [video_processor.py:152]
2025-02-11 15:45:34,295 - INFO: Using font: /app/input/BebasNeue-Regular.ttf [video_processor.py:51]
2025-02-11 15:45:34,297 - INFO: Input folder: /app/input [video_processor.py:54]
2025-02-11 15:45:34,299 - INFO: Font path: /app/input/BebasNeue-Regular.ttf [video_processor.py:55]
2025-02-11 15:45:34,306 - INFO: Font exists: True [video_processor.py:56]
2025-02-11 15:45:34,312 - INFO: Directory contents: [PosixPath('/app/input/affirmation.mp3'), PosixPath('/app/input/author.txt'), PosixPath('/app/input/background.mp4'), PosixPath('/app/input/BebasNeue-Regular.ttf'), PosixPath('/app/input/body.TXT'), PosixPath('/app/input/Cormorant_Garamond.zip'), PosixPath('/app/input/curl'), PosixPath('/app/input/header_text.TXT'), PosixPath('/app/input/logo.png'), PosixPath('/app/input/music.mp3'), PosixPath('/app/input/processed_1733135043_affirmation.mp4'), PosixPath('/app/input/sound.mp3')] [video_processor.py:57]
2025-02-11 15:45:34,330 - INFO: Starting video processing... [video_processor.py:168]
2025-02-11 15:45:34,332 - INFO: Loading audio from: /app/uploads/combined_audio.mp3 [video_processor.py:180]
2025-02-11 15:45:34,396 - INFO: Audio loaded successfully [video_processor.py:183]
2025-02-11 15:45:34,399 - INFO: Loading video from: /app/input/background.mp4 [video_processor.py:188]
2025-02-11 15:45:34,653 - INFO: Video loaded successfully [video_processor.py:190]
2025-02-11 15:45:34,676 - INFO: Creating overlay elements... [video_processor.py:199]
2025-02-11 15:45:35,426 - INFO: Compositing final video... [video_processor.py:247]
2025-02-11 15:45:35,502 - INFO: Writing output to: processed1739288734video.mp4 [video_processor.py:256]
2025-02-11 15:45:55,223 - INFO: Video processing completed: processed1739288734video.mp4 [video_processor.py:273]
2025-02-11 15:45:55,225 - INFO: Starting cleanup of processed videos older than 24 hours... [video_processor.py:126]
2025-02-11 15:45:55,242 - INFO: Cleanup completed. Deleted 0 files. [video_processor.py:152]
2025-02-12 09:15:38,362 - INFO: Using font: /app/input/BebasNeue-Regular.ttf [video_processor.py:51]
2025-02-12 09:15:38,371 - INFO: Input folder: /app/input [video_processor.py:54]
2025-02-12 09:15:38,375 - INFO: Font path: /app/input/BebasNeue-Regular.ttf [video_processor.py:55]
2025-02-12 09:15:38,389 - INFO: Font exists: True [video_processor.py:56]
2025-02-12 09:15:38,399 - INFO: Directory contents: [PosixPath('/app/input/affirmation.mp3'), PosixPath('/app/input/author.txt'), PosixPath('/app/input/background.mp4'), PosixPath('/app/input/BebasNeue-Regular.ttf'), PosixPath('/app/input/body.TXT'), PosixPath('/app/input/Cormorant_Garamond.zip'), PosixPath('/app/input/curl'), PosixPath('/app/input/header_text.TXT'), PosixPath('/app/input/logo.png'), PosixPath('/app/input/music.mp3'), PosixPath('/app/input/processed_1733135043_affirmation.mp4'), PosixPath('/app/input/sound.mp3')] [video_processor.py:57]
2025-02-12 09:15:38,428 - INFO: Starting video processing... [video_processor.py:168]
2025-02-12 09:15:38,441 - INFO: Loading audio from: /app/uploads/combined_audio.mp3 [video_processor.py:180]
2025-02-12 09:15:39,267 - INFO: Audio loaded successfully [video_processor.py:183]
2025-02-12 09:15:39,273 - INFO: Loading video from: /app/input/background.mp4 [video_processor.py:188]
2025-02-12 09:15:40,455 - INFO: Video loaded successfully [video_processor.py:190]
2025-02-12 09:15:40,632 - INFO: Creating overlay elements... [video_processor.py:199]
2025-02-12 09:15:43,112 - INFO: Compositing final video... [video_processor.py:247]
2025-02-12 09:15:43,379 - INFO: Writing output to: processed1739351738video.mp4 [video_processor.py:256]
2025-02-12 09:16:40,317 - INFO: Video processing completed: processed1739351738video.mp4 [video_processor.py:273]
2025-02-12 09:16:40,321 - INFO: Starting cleanup of processed videos older than 24 hours... [video_processor.py:126]
2025-02-12 09:16:40,351 - INFO: Cleanup completed. Deleted 0 files. [video_processor.py:152]
2025-02-13 09:40:53,639 - INFO: Using font: /app/input/BebasNeue-Regular.ttf [video_processor.py:51]
2025-02-13 09:40:53,641 - INFO: Input folder: /app/input [video_processor.py:54]
2025-02-13 09:40:53,643 - INFO: Font path: /app/input/BebasNeue-Regular.ttf [video_processor.py:55]
2025-02-13 09:40:53,648 - INFO: Font exists: True [video_processor.py:56]
2025-02-13 09:40:53,653 - INFO: Directory contents: [PosixPath('/app/input/affirmation.mp3'), PosixPath('/app/input/author.txt'), PosixPath('/app/input/background.mp4'), PosixPath('/app/input/BebasNeue-Regular.ttf'), PosixPath('/app/input/body.TXT'), PosixPath('/app/input/Cormorant_Garamond.zip'), PosixPath('/app/input/curl'), PosixPath('/app/input/header_text.TXT'), PosixPath('/app/input/logo.png'), PosixPath('/app/input/music.mp3'), PosixPath('/app/input/processed_1733135043_affirmation.mp4'), PosixPath('/app/input/sound.mp3')] [video_processor.py:57]
2025-02-13 09:40:53,665 - INFO: Starting video processing... [video_processor.py:168]
2025-02-13 09:40:53,667 - INFO: Loading audio from: /app/uploads/combined_audio.mp3 [video_processor.py:180]
2025-02-13 09:40:53,889 - INFO: Audio loaded successfully [video_processor.py:183]
2025-02-13 09:40:53,891 - INFO: Loading video from: /app/input/background.mp4 [video_processor.py:188]
2025-02-13 09:40:54,153 - INFO: Video loaded successfully [video_processor.py:190]
2025-02-13 09:40:54,238 - INFO: Creating overlay elements... [video_processor.py:199]
2025-02-13 09:40:55,585 - INFO: Compositing final video... [video_processor.py:247]
2025-02-13 09:40:55,673 - INFO: Writing output to: processed1739439653video.mp4 [video_processor.py:256]
2025-02-13 09:41:19,278 - INFO: Video processing completed: processed1739439653video.mp4 [video_processor.py:273]
2025-02-13 09:41:19,280 - INFO: Starting cleanup of processed videos older than 24 hours... [video_processor.py:126]
2025-02-13 09:41:19,294 - INFO: Cleanup completed. Deleted 0 files. [video_processor.py:152]
2025-02-13 09:51:35,716 - INFO: Using font: /app/input/BebasNeue-Regular.ttf [video_processor.py:51]
2025-02-13 09:51:35,721 - INFO: Input folder: /app/input [video_processor.py:54]
2025-02-13 09:51:35,727 - INFO: Font path: /app/input/BebasNeue-Regular.ttf [video_processor.py:55]
2025-02-13 09:51:35,732 - INFO: Font exists: True [video_processor.py:56]
2025-02-13 09:51:35,737 - INFO: Directory contents: [PosixPath('/app/input/affirmation.mp3'), PosixPath('/app/input/author.txt'), PosixPath('/app/input/background.mp4'), PosixPath('/app/input/BebasNeue-Regular.ttf'), PosixPath('/app/input/body.TXT'), PosixPath('/app/input/Cormorant_Garamond.zip'), PosixPath('/app/input/curl'), PosixPath('/app/input/header_text.TXT'), PosixPath('/app/input/logo.png'), PosixPath('/app/input/music.mp3'), PosixPath('/app/input/processed_1733135043_affirmation.mp4'), PosixPath('/app/input/sound.mp3')] [video_processor.py:57]
2025-02-13 09:51:35,758 - INFO: Starting video processing... [video_processor.py:168]
2025-02-13 09:51:35,763 - INFO: Loading audio from: /app/uploads/combined_audio.mp3 [video_processor.py:180]
2025-02-13 09:51:35,880 - INFO: Audio loaded successfully [video_processor.py:183]
2025-02-13 09:51:35,887 - INFO: Loading video from: /app/input/background.mp4 [video_processor.py:188]
2025-02-13 09:51:36,256 - INFO: Video loaded successfully [video_processor.py:190]
2025-02-13 09:51:36,307 - INFO: Creating overlay elements... [video_processor.py:199]
2025-02-13 09:51:37,884 - INFO: Compositing final video... [video_processor.py:247]
2025-02-13 09:51:38,015 - INFO: Writing output to: processed1739440295video.mp4 [video_processor.py:256]
2025-02-13 09:52:26,140 - INFO: Video processing completed: processed1739440295video.mp4 [video_processor.py:273]
2025-02-13 09:52:26,143 - INFO: Starting cleanup of processed videos older than 24 hours... [video_processor.py:126]
2025-02-13 09:52:26,158 - INFO: Cleanup completed. Deleted 0 files. [video_processor.py:152]
2025-02-14 09:04:44,380 - INFO: Using font: /app/input/BebasNeue-Regular.ttf [video_processor.py:51]
2025-02-14 09:04:44,384 - INFO: Input folder: /app/input [video_processor.py:54]
2025-02-14 09:04:44,386 - INFO: Font path: /app/input/BebasNeue-Regular.ttf [video_processor.py:55]
2025-02-14 09:04:44,390 - INFO: Font exists: True [video_processor.py:56]
2025-02-14 09:04:44,399 - INFO: Directory contents: [PosixPath('/app/input/affirmation.mp3'), PosixPath('/app/input/author.txt'), PosixPath('/app/input/background.mp4'), PosixPath('/app/input/BebasNeue-Regular.ttf'), PosixPath('/app/input/body.TXT'), PosixPath('/app/input/Cormorant_Garamond.zip'), PosixPath('/app/input/curl'), PosixPath('/app/input/header_text.TXT'), PosixPath('/app/input/logo.png'), PosixPath('/app/input/music.mp3'), PosixPath('/app/input/processed_1733135043_affirmation.mp4'), PosixPath('/app/input/sound.mp3')] [video_processor.py:57]
2025-02-14 09:04:44,414 - INFO: Starting video processing... [video_processor.py:168]
2025-02-14 09:04:44,417 - INFO: Loading audio from: /app/uploads/combined_audio.mp3 [video_processor.py:180]
2025-02-14 09:04:44,571 - INFO: Audio loaded successfully [video_processor.py:183]
2025-02-14 09:04:44,573 - INFO: Loading video from: /app/input/background.mp4 [video_processor.py:188]
2025-02-14 09:04:44,907 - INFO: Video loaded successfully [video_processor.py:190]
2025-02-14 09:04:44,960 - INFO: Creating overlay elements... [video_processor.py:199]
2025-02-14 09:04:46,122 - INFO: Compositing final video... [video_processor.py:247]
2025-02-14 09:04:46,237 - INFO: Writing output to: processed1739523884video.mp4 [video_processor.py:256]
2025-02-14 09:05:13,358 - INFO: Video processing completed: processed1739523884video.mp4 [video_processor.py:273]
2025-02-14 09:05:13,360 - INFO: Starting cleanup of processed videos older than 24 hours... [video_processor.py:126]
2025-02-14 09:05:13,382 - INFO: Cleanup completed. Deleted 0 files. [video_processor.py:152]
2025-02-14 09:20:22,630 - INFO: Using font: /app/input/BebasNeue-Regular.ttf [video_processor.py:51]
2025-02-14 09:20:22,632 - INFO: Input folder: /app/input [video_processor.py:54]
2025-02-14 09:20:22,633 - INFO: Font path: /app/input/BebasNeue-Regular.ttf [video_processor.py:55]
2025-02-14 09:20:22,635 - INFO: Font exists: True [video_processor.py:56]
2025-02-14 09:20:22,639 - INFO: Directory contents: [PosixPath('/app/input/affirmation.mp3'), PosixPath('/app/input/author.txt'), PosixPath('/app/input/background.mp4'), PosixPath('/app/input/BebasNeue-Regular.ttf'), PosixPath('/app/input/body.TXT'), PosixPath('/app/input/Cormorant_Garamond.zip'), PosixPath('/app/input/curl'), PosixPath('/app/input/header_text.TXT'), PosixPath('/app/input/logo.png'), PosixPath('/app/input/music.mp3'), PosixPath('/app/input/processed_1733135043_affirmation.mp4'), PosixPath('/app/input/sound.mp3')] [video_processor.py:57]
2025-02-14 09:20:22,646 - INFO: Starting video processing... [video_processor.py:168]
2025-02-14 09:20:22,647 - INFO: Loading audio from: /app/uploads/combined_audio.mp3 [video_processor.py:180]
2025-02-14 09:20:22,690 - INFO: Audio loaded successfully [video_processor.py:183]
2025-02-14 09:20:22,692 - INFO: Loading video from: /app/input/background.mp4 [video_processor.py:188]
2025-02-14 09:20:22,866 - INFO: Video loaded successfully [video_processor.py:190]
2025-02-14 09:20:22,897 - INFO: Creating overlay elements... [video_processor.py:199]
2025-02-14 09:20:24,301 - INFO: Compositing final video... [video_processor.py:247]
2025-02-14 09:20:24,542 - INFO: Writing output to: processed1739524822video.mp4 [video_processor.py:256]
2025-02-14 09:20:40,711 - INFO: Video processing completed: processed1739524822video.mp4 [video_processor.py:273]
2025-02-14 09:20:40,726 - INFO: Starting cleanup of processed videos older than 24 hours... [video_processor.py:126]
2025-02-14 09:20:40,772 - INFO: Cleanup completed. Deleted 0 files. [video_processor.py:152]
2025-02-14 09:22:16,053 - INFO: Using font: /app/input/BebasNeue-Regular.ttf [video_processor.py:51]
2025-02-14 09:22:16,055 - INFO: Input folder: /app/input [video_processor.py:54]
2025-02-14 09:22:16,057 - INFO: Font path: /app/input/BebasNeue-Regular.ttf [video_processor.py:55]
2025-02-14 09:22:16,059 - INFO: Font exists: True [video_processor.py:56]
2025-02-14 09:22:16,067 - INFO: Directory contents: [PosixPath('/app/input/affirmation.mp3'), PosixPath('/app/input/author.txt'), PosixPath('/app/input/background.mp4'), PosixPath('/app/input/BebasNeue-Regular.ttf'), PosixPath('/app/input/body.TXT'), PosixPath('/app/input/Cormorant_Garamond.zip'), PosixPath('/app/input/curl'), PosixPath('/app/input/header_text.TXT'), PosixPath('/app/input/logo.png'), PosixPath('/app/input/music.mp3'), PosixPath('/app/input/processed_1733135043_affirmation.mp4'), PosixPath('/app/input/sound.mp3')] [video_processor.py:57]
2025-02-14 09:22:16,075 - INFO: Starting video processing... [video_processor.py:168]
2025-02-14 09:22:16,077 - INFO: Loading audio from: /app/uploads/combined_audio.mp3 [video_processor.py:180]
2025-02-14 09:22:16,135 - INFO: Audio loaded successfully [video_processor.py:183]
2025-02-14 09:22:16,137 - INFO: Loading video from: /app/input/background.mp4 [video_processor.py:188]
2025-02-14 09:22:16,353 - INFO: Video loaded successfully [video_processor.py:190]
2025-02-14 09:22:16,379 - INFO: Creating overlay elements... [video_processor.py:199]
2025-02-14 09:22:17,340 - INFO: Compositing final video... [video_processor.py:247]
2025-02-14 09:22:17,430 - INFO: Writing output to: processed1739524936video.mp4 [video_processor.py:256]
2025-02-14 09:22:32,525 - INFO: Video processing completed: processed1739524936video.mp4 [video_processor.py:273]
2025-02-14 09:22:32,527 - INFO: Starting cleanup of processed videos older than 24 hours... [video_processor.py:126]
2025-02-14 09:22:32,539 - INFO: Cleanup completed. Deleted 0 files. [video_processor.py:152]
2025-02-14 10:02:02,735 - INFO: Using font: /app/input/BebasNeue-Regular.ttf [video_processor.py:51]
2025-02-14 10:02:02,741 - INFO: Input folder: /app/input [video_processor.py:54]
2025-02-14 10:02:02,743 - INFO: Font path: /app/input/BebasNeue-Regular.ttf [video_processor.py:55]
2025-02-14 10:02:02,747 - INFO: Font exists: True [video_processor.py:56]
2025-02-14 10:02:02,755 - INFO: Directory contents: [PosixPath('/app/input/affirmation.mp3'), PosixPath('/app/input/author.txt'), PosixPath('/app/input/background.mp4'), PosixPath('/app/input/BebasNeue-Regular.ttf'), PosixPath('/app/input/body.TXT'), PosixPath('/app/input/Cormorant_Garamond.zip'), PosixPath('/app/input/curl'), PosixPath('/app/input/header_text.TXT'), PosixPath('/app/input/logo.png'), PosixPath('/app/input/music.mp3'), PosixPath('/app/input/processed_1733135043_affirmation.mp4'), PosixPath('/app/input/sound.mp3'), PosixPath('/app/input/test_image.jpg')] [video_processor.py:57]
2025-02-14 10:02:02,771 - INFO: Starting video processing... [video_processor.py:168]
2025-02-14 10:02:02,776 - INFO: Loading audio from: /app/uploads/combined_audio.mp3 [video_processor.py:180]
2025-02-14 10:02:02,971 - INFO: Audio loaded successfully [video_processor.py:183]
2025-02-14 10:02:02,978 - INFO: Loading video from: /app/input/background.mp4 [video_processor.py:188]
2025-02-14 10:02:03,358 - INFO: Video loaded successfully [video_processor.py:190]
2025-02-14 10:02:03,422 - INFO: Creating overlay elements... [video_processor.py:199]
2025-02-14 10:02:04,329 - INFO: Compositing final video... [video_processor.py:247]
2025-02-14 10:02:04,426 - INFO: Writing output to: processed1739527322video.mp4 [video_processor.py:256]
2025-02-14 10:02:25,903 - INFO: Video processing completed: processed1739527322video.mp4 [video_processor.py:273]
2025-02-14 10:02:25,909 - INFO: Starting cleanup of processed videos older than 24 hours... [video_processor.py:126]
2025-02-14 10:02:25,945 - INFO: Cleanup completed. Deleted 0 files. [video_processor.py:152]
2025-02-14 13:31:40,412 - INFO: Using font: /app/input/BebasNeue-Regular.ttf [video_processor.py:51]
2025-02-14 13:31:40,415 - INFO: Input folder: /app/input [video_processor.py:54]
2025-02-14 13:31:40,418 - INFO: Font path: /app/input/BebasNeue-Regular.ttf [video_processor.py:55]
2025-02-14 13:31:40,429 - INFO: Font exists: True [video_processor.py:56]
2025-02-14 13:31:40,435 - INFO: Directory contents: [PosixPath('/app/input/affirmation.mp3'), PosixPath('/app/input/author.txt'), PosixPath('/app/input/background.mp4'), PosixPath('/app/input/BebasNeue-Regular.ttf'), PosixPath('/app/input/body.TXT'), PosixPath('/app/input/Cormorant_Garamond.zip'), PosixPath('/app/input/curl'), PosixPath('/app/input/header_text.TXT'), PosixPath('/app/input/logo.png'), PosixPath('/app/input/music.mp3'), PosixPath('/app/input/processed1739290123image.png'), PosixPath('/app/input/processed1739530510image.png'), PosixPath('/app/input/processed_1733135043_affirmation.mp4'), PosixPath('/app/input/sound.mp3'), PosixPath('/app/input/test_image.jpg')] [video_processor.py:57]
2025-02-14 13:31:40,455 - INFO: Starting video processing... [video_processor.py:168]
2025-02-14 13:31:40,458 - INFO: Loading audio from: /app/uploads/combined_audio.mp3 [video_processor.py:180]
2025-02-14 13:31:40,625 - INFO: Audio loaded successfully [video_processor.py:183]
2025-02-14 13:31:40,628 - INFO: Loading video from: /app/input/background.mp4 [video_processor.py:188]
2025-02-14 13:31:40,971 - INFO: Video loaded successfully [video_processor.py:190]
2025-02-14 13:31:41,045 - INFO: Creating overlay elements... [video_processor.py:199]
2025-02-14 13:31:42,213 - INFO: Compositing final video... [video_processor.py:247]
2025-02-14 13:31:42,315 - INFO: Writing output to: processed1739539900video.mp4 [video_processor.py:256]
2025-02-14 13:32:06,401 - INFO: Video processing completed: processed1739539900video.mp4 [video_processor.py:273]
2025-02-14 13:32:06,404 - INFO: Starting cleanup of processed videos older than 24 hours... [video_processor.py:126]
2025-02-14 13:32:06,412 - INFO: Cleanup completed. Deleted 0 files. [video_processor.py:152]
2025-02-15 14:34:17,712 - INFO: Using font: /app/input/BebasNeue-Regular.ttf [video_processor.py:51]
2025-02-15 14:34:17,717 - INFO: Input folder: /app/input [video_processor.py:54]
2025-02-15 14:34:17,720 - INFO: Font path: /app/input/BebasNeue-Regular.ttf [video_processor.py:55]
2025-02-15 14:34:17,723 - INFO: Font exists: True [video_processor.py:56]
2025-02-15 14:34:17,729 - INFO: Directory contents: [PosixPath('/app/input/affirmation.mp3'), PosixPath('/app/input/author.txt'), PosixPath('/app/input/background.mp4'), PosixPath('/app/input/BebasNeue-Regular.ttf'), PosixPath('/app/input/body.TXT'), PosixPath('/app/input/Cormorant_Garamond.zip'), PosixPath('/app/input/curl'), PosixPath('/app/input/header_text.TXT'), PosixPath('/app/input/logo.png'), PosixPath('/app/input/music.mp3'), PosixPath('/app/input/processed1739290123image.png'), PosixPath('/app/input/processed1739530510image.png'), PosixPath('/app/input/processed_1733135043_affirmation.mp4'), PosixPath('/app/input/sound.mp3'), PosixPath('/app/input/test_image.jpg')] [video_processor.py:57]
2025-02-15 14:34:17,742 - INFO: Starting video processing... [video_processor.py:168]
2025-02-15 14:34:17,745 - INFO: Loading audio from: /app/uploads/combined_audio.mp3 [video_processor.py:180]
2025-02-15 14:34:17,895 - INFO: Audio loaded successfully [video_processor.py:183]
2025-02-15 14:34:17,897 - INFO: Loading video from: /app/input/background.mp4 [video_processor.py:188]
2025-02-15 14:34:18,284 - INFO: Video loaded successfully [video_processor.py:190]
2025-02-15 14:34:18,351 - INFO: Creating overlay elements... [video_processor.py:199]
2025-02-15 14:34:19,705 - INFO: Compositing final video... [video_processor.py:247]
2025-02-15 14:34:19,797 - INFO: Writing output to: processed1739630057video.mp4 [video_processor.py:256]
2025-02-15 14:34:48,180 - INFO: Video processing completed: processed1739630057video.mp4 [video_processor.py:273]
2025-02-15 14:34:48,193 - INFO: Starting cleanup of processed videos older than 24 hours... [video_processor.py:126]
2025-02-15 14:34:48,209 - INFO: Cleanup completed. Deleted 0 files. [video_processor.py:152]
2025-02-17 09:19:39,476 - INFO: Using font: /app/input/BebasNeue-Regular.ttf [video_processor.py:51]
2025-02-17 09:19:39,479 - INFO: Input folder: /app/input [video_processor.py:54]
2025-02-17 09:19:39,481 - INFO: Font path: /app/input/BebasNeue-Regular.ttf [video_processor.py:55]
2025-02-17 09:19:39,484 - INFO: Font exists: True [video_processor.py:56]
2025-02-17 09:19:39,487 - INFO: Directory contents: [PosixPath('/app/input/affirmation.mp3'), PosixPath('/app/input/author.txt'), PosixPath('/app/input/background.mp4'), PosixPath('/app/input/BebasNeue-Regular.ttf'), PosixPath('/app/input/body.TXT'), PosixPath('/app/input/Cormorant_Garamond.zip'), PosixPath('/app/input/curl'), PosixPath('/app/input/header_text.TXT'), PosixPath('/app/input/logo.png'), PosixPath('/app/input/music.mp3'), PosixPath('/app/input/processed1739290123image.png'), PosixPath('/app/input/processed1739530510image.png'), PosixPath('/app/input/processed_1733135043_affirmation.mp4'), PosixPath('/app/input/sound.mp3'), PosixPath('/app/input/test_image.jpg')] [video_processor.py:57]
2025-02-17 09:19:39,494 - INFO: Starting video processing... [video_processor.py:168]
2025-02-17 09:19:39,495 - INFO: Loading audio from: /app/uploads/combined_audio.mp3 [video_processor.py:180]
2025-02-17 09:19:39,567 - INFO: Audio loaded successfully [video_processor.py:183]
2025-02-17 09:19:39,569 - INFO: Loading video from: /app/input/background.mp4 [video_processor.py:188]
2025-02-17 09:19:39,788 - INFO: Video loaded successfully [video_processor.py:190]
2025-02-17 09:19:39,902 - INFO: Creating overlay elements... [video_processor.py:199]
2025-02-17 09:19:40,809 - INFO: Compositing final video... [video_processor.py:247]
2025-02-17 09:19:40,887 - INFO: Writing output to: processed1739783979video.mp4 [video_processor.py:256]
2025-02-17 09:19:56,494 - INFO: Video processing completed: processed1739783979video.mp4 [video_processor.py:273]
2025-02-17 09:19:56,495 - INFO: Starting cleanup of processed videos older than 24 hours... [video_processor.py:126]
2025-02-17 09:19:56,502 - INFO: Cleanup completed. Deleted 0 files. [video_processor.py:152]
2025-02-17 10:11:38,441 - INFO: Using font: /app/input/BebasNeue-Regular.ttf [video_processor.py:51]
2025-02-17 10:11:38,444 - INFO: Input folder: /app/input [video_processor.py:54]
2025-02-17 10:11:38,445 - INFO: Font path: /app/input/BebasNeue-Regular.ttf [video_processor.py:55]
2025-02-17 10:11:38,448 - INFO: Font exists: True [video_processor.py:56]
2025-02-17 10:11:38,452 - INFO: Directory contents: [PosixPath('/app/input/affirmation.mp3'), PosixPath('/app/input/author.txt'), PosixPath('/app/input/background.mp4'), PosixPath('/app/input/BebasNeue-Regular.ttf'), PosixPath('/app/input/body.TXT'), PosixPath('/app/input/Cormorant_Garamond.zip'), PosixPath('/app/input/curl'), PosixPath('/app/input/header_text.TXT'), PosixPath('/app/input/logo.png'), PosixPath('/app/input/music.mp3'), PosixPath('/app/input/processed1739290123image.png'), PosixPath('/app/input/processed1739530510image.png'), PosixPath('/app/input/processed_1733135043_affirmation.mp4'), PosixPath('/app/input/sound.mp3'), PosixPath('/app/input/test_image.jpg')] [video_processor.py:57]
2025-02-17 10:11:38,458 - INFO: Starting video processing... [video_processor.py:168]
2025-02-17 10:11:38,459 - INFO: Loading audio from: /app/uploads/combined_audio.mp3 [video_processor.py:180]
2025-02-17 10:11:38,537 - INFO: Audio loaded successfully [video_processor.py:183]
2025-02-17 10:11:38,539 - INFO: Loading video from: /app/input/background.mp4 [video_processor.py:188]
2025-02-17 10:11:38,745 - INFO: Video loaded successfully [video_processor.py:190]
2025-02-17 10:11:38,779 - INFO: Creating overlay elements... [video_processor.py:199]
2025-02-17 10:11:39,447 - INFO: Compositing final video... [video_processor.py:247]
2025-02-17 10:11:39,494 - INFO: Writing output to: processed1739787098video.mp4 [video_processor.py:256]
2025-02-17 10:11:50,705 - INFO: Video processing completed: processed1739787098video.mp4 [video_processor.py:273]
2025-02-17 10:11:50,707 - INFO: Starting cleanup of processed videos older than 24 hours... [video_processor.py:126]
2025-02-17 10:11:50,719 - INFO: Cleanup completed. Deleted 0 files. [video_processor.py:152]
2025-02-18 09:38:36,954 - INFO: Using font: /app/input/BebasNeue-Regular.ttf [video_processor.py:51]
2025-02-18 09:38:36,957 - INFO: Input folder: /app/input [video_processor.py:54]
2025-02-18 09:38:36,962 - INFO: Font path: /app/input/BebasNeue-Regular.ttf [video_processor.py:55]
2025-02-18 09:38:36,968 - INFO: Font exists: True [video_processor.py:56]
2025-02-18 09:38:36,974 - INFO: Directory contents: [PosixPath('/app/input/affirmation.mp3'), PosixPath('/app/input/author.txt'), PosixPath('/app/input/background.mp4'), PosixPath('/app/input/BebasNeue-Regular.ttf'), PosixPath('/app/input/body.TXT'), PosixPath('/app/input/Cormorant_Garamond.zip'), PosixPath('/app/input/curl'), PosixPath('/app/input/header_text.TXT'), PosixPath('/app/input/logo.png'), PosixPath('/app/input/music.mp3'), PosixPath('/app/input/processed1739290123image.png'), PosixPath('/app/input/processed1739530510image.png'), PosixPath('/app/input/processed_1733135043_affirmation.mp4'), PosixPath('/app/input/sound.mp3'), PosixPath('/app/input/test_image.jpg')] [video_processor.py:57]
2025-02-18 09:38:36,989 - INFO: Starting video processing... [video_processor.py:168]
2025-02-18 09:38:36,991 - INFO: Loading audio from: /app/uploads/combined_audio.mp3 [video_processor.py:180]
2025-02-18 09:38:37,113 - INFO: Audio loaded successfully [video_processor.py:183]
2025-02-18 09:38:37,117 - INFO: Loading video from: /app/input/background.mp4 [video_processor.py:188]
2025-02-18 09:38:37,529 - INFO: Video loaded successfully [video_processor.py:190]
2025-02-18 09:38:37,595 - INFO: Creating overlay elements... [video_processor.py:199]
2025-02-18 09:38:39,398 - INFO: Compositing final video... [video_processor.py:247]
2025-02-18 09:38:39,703 - INFO: Writing output to: processed1739871516video.mp4 [video_processor.py:256]
2025-02-18 09:39:02,946 - INFO: Video processing completed: processed1739871516video.mp4 [video_processor.py:273]
2025-02-18 09:39:02,954 - INFO: Starting cleanup of processed videos older than 24 hours... [video_processor.py:126]
2025-02-18 09:39:02,969 - INFO: Cleanup completed. Deleted 0 files. [video_processor.py:152]
2025-02-20 10:05:32,808 - INFO: Using font: /app/input/BebasNeue-Regular.ttf [video_processor.py:51]
2025-02-20 10:05:32,810 - INFO: Input folder: /app/input [video_processor.py:54]
2025-02-20 10:05:32,811 - INFO: Font path: /app/input/BebasNeue-Regular.ttf [video_processor.py:55]
2025-02-20 10:05:32,813 - INFO: Font exists: True [video_processor.py:56]
2025-02-20 10:05:32,816 - INFO: Directory contents: [PosixPath('/app/input/affirmation.mp3'), PosixPath('/app/input/author.txt'), PosixPath('/app/input/background.mp4'), PosixPath('/app/input/BebasNeue-Regular.ttf'), PosixPath('/app/input/body.TXT'), PosixPath('/app/input/Cormorant_Garamond.zip'), PosixPath('/app/input/curl'), PosixPath('/app/input/header_text.TXT'), PosixPath('/app/input/logo.png'), PosixPath('/app/input/music.mp3'), PosixPath('/app/input/processed1739290123image.png'), PosixPath('/app/input/processed1739530510image.png'), PosixPath('/app/input/processed_1733135043_affirmation.mp4'), PosixPath('/app/input/sound.mp3'), PosixPath('/app/input/test_image.jpg')] [video_processor.py:57]
2025-02-20 10:05:32,821 - INFO: Starting video processing... [video_processor.py:168]
2025-02-20 10:05:32,822 - INFO: Loading audio from: /app/uploads/combined_audio.mp3 [video_processor.py:180]
2025-02-20 10:05:32,892 - INFO: Audio loaded successfully [video_processor.py:183]
2025-02-20 10:05:32,894 - INFO: Loading video from: /app/input/background.mp4 [video_processor.py:188]
2025-02-20 10:05:33,109 - INFO: Video loaded successfully [video_processor.py:190]
2025-02-20 10:05:33,150 - INFO: Creating overlay elements... [video_processor.py:199]
2025-02-20 10:05:34,268 - INFO: Compositing final video... [video_processor.py:247]
2025-02-20 10:05:34,326 - INFO: Writing output to: processed1740045932video.mp4 [video_processor.py:256]
2025-02-20 10:05:48,201 - INFO: Video processing completed: processed1740045932video.mp4 [video_processor.py:273]
2025-02-20 10:05:48,204 - INFO: Starting cleanup of processed videos older than 24 hours... [video_processor.py:126]
2025-02-20 10:05:48,217 - INFO: Cleanup completed. Deleted 0 files. [video_processor.py:152]
2025-02-27 15:47:23,358 - INFO: Using font: /app/input/BebasNeue-Regular.ttf [video_processor.py:51]
2025-02-27 15:47:23,361 - INFO: Input folder: /app/input [video_processor.py:54]
2025-02-27 15:47:23,363 - INFO: Font path: /app/input/BebasNeue-Regular.ttf [video_processor.py:55]
2025-02-27 15:47:23,366 - INFO: Font exists: True [video_processor.py:56]
2025-02-27 15:47:23,370 - INFO: Directory contents: [PosixPath('/app/input/affirmation.mp3'), PosixPath('/app/input/author.txt'), PosixPath('/app/input/background.mp4'), PosixPath('/app/input/BebasNeue-Regular.ttf'), PosixPath('/app/input/body.TXT'), PosixPath('/app/input/Cormorant_Garamond.zip'), PosixPath('/app/input/curl'), PosixPath('/app/input/header_text.TXT'), PosixPath('/app/input/logo.png'), PosixPath('/app/input/music.mp3'), PosixPath('/app/input/processed1739290123image.png'), PosixPath('/app/input/processed1739530510image.png'), PosixPath('/app/input/processed_1733135043_affirmation.mp4'), PosixPath('/app/input/sound.mp3'), PosixPath('/app/input/test_image.jpg')] [video_processor.py:57]
2025-02-27 15:47:23,376 - INFO: Starting video processing... [video_processor.py:168]
2025-02-27 15:47:23,378 - INFO: Loading audio from: /app/uploads/combined_audio.mp3 [video_processor.py:180]
2025-02-27 15:47:23,456 - INFO: Audio loaded successfully [video_processor.py:183]
2025-02-27 15:47:23,458 - INFO: Loading video from: /app/input/background.mp4 [video_processor.py:188]
2025-02-27 15:47:23,668 - INFO: Video loaded successfully [video_processor.py:190]
2025-02-27 15:47:23,704 - INFO: Creating overlay elements... [video_processor.py:199]
2025-02-27 15:47:24,462 - INFO: Compositing final video... [video_processor.py:247]
2025-02-27 15:47:24,540 - INFO: Writing output to: processed1740671243video.mp4 [video_processor.py:256]
2025-02-27 15:47:45,687 - INFO: Video processing completed: processed1740671243video.mp4 [video_processor.py:273]
2025-02-27 15:47:45,689 - INFO: Starting cleanup of processed videos older than 24 hours... [video_processor.py:126]
2025-02-27 15:47:45,701 - INFO: Cleanup completed. Deleted 0 files. [video_processor.py:152]
2025-03-03 12:23:37,879 - INFO: Using font: /app/input/BebasNeue-Regular.ttf [video_processor.py:51]
2025-03-03 12:23:37,881 - INFO: Input folder: /app/input [video_processor.py:54]
2025-03-03 12:23:37,883 - INFO: Font path: /app/input/BebasNeue-Regular.ttf [video_processor.py:55]
2025-03-03 12:23:37,886 - INFO: Font exists: True [video_processor.py:56]
2025-03-03 12:23:37,890 - INFO: Directory contents: [PosixPath('/app/input/affirmation.mp3'), PosixPath('/app/input/author.txt'), PosixPath('/app/input/background.mp4'), PosixPath('/app/input/BebasNeue-Regular.ttf'), PosixPath('/app/input/body.TXT'), PosixPath('/app/input/Cormorant_Garamond.zip'), PosixPath('/app/input/curl'), PosixPath('/app/input/header_text.TXT'), PosixPath('/app/input/logo.png'), PosixPath('/app/input/music.mp3'), PosixPath('/app/input/processed1739290123image.png'), PosixPath('/app/input/processed1739530510image.png'), PosixPath('/app/input/processed_1733135043_affirmation.mp4'), PosixPath('/app/input/sound.mp3'), PosixPath('/app/input/test_image.jpg')] [video_processor.py:57]
2025-03-03 12:23:37,900 - INFO: Starting video processing... [video_processor.py:168]
2025-03-03 12:23:37,902 - INFO: Loading audio from: /app/uploads/combined_audio.mp3 [video_processor.py:180]
2025-03-03 12:23:37,992 - INFO: Audio loaded successfully [video_processor.py:183]
2025-03-03 12:23:37,994 - INFO: Loading video from: /app/input/background.mp4 [video_processor.py:188]
2025-03-03 12:23:38,433 - INFO: Video loaded successfully [video_processor.py:190]
2025-03-03 12:23:38,502 - INFO: Creating overlay elements... [video_processor.py:199]
2025-03-03 12:23:39,598 - INFO: Compositing final video... [video_processor.py:247]
2025-03-03 12:23:39,703 - INFO: Writing output to: processed1741004617video.mp4 [video_processor.py:256]
2025-03-03 12:23:54,367 - INFO: Video processing completed: processed1741004617video.mp4 [video_processor.py:273]
2025-03-03 12:23:54,369 - INFO: Starting cleanup of processed videos older than 24 hours... [video_processor.py:126]
2025-03-03 12:23:54,384 - INFO: Cleanup completed. Deleted 0 files. [video_processor.py:152]
2025-03-03 12:27:39,385 - INFO: Using font: /app/input/BebasNeue-Regular.ttf [video_processor.py:51]
2025-03-03 12:27:39,387 - INFO: Input folder: /app/input [video_processor.py:54]
2025-03-03 12:27:39,388 - INFO: Font path: /app/input/BebasNeue-Regular.ttf [video_processor.py:55]
2025-03-03 12:27:39,391 - INFO: Font exists: True [video_processor.py:56]
2025-03-03 12:27:39,394 - INFO: Directory contents: [PosixPath('/app/input/affirmation.mp3'), PosixPath('/app/input/author.txt'), PosixPath('/app/input/background.mp4'), PosixPath('/app/input/BebasNeue-Regular.ttf'), PosixPath('/app/input/body.TXT'), PosixPath('/app/input/Cormorant_Garamond.zip'), PosixPath('/app/input/curl'), PosixPath('/app/input/header_text.TXT'), PosixPath('/app/input/logo.png'), PosixPath('/app/input/music.mp3'), PosixPath('/app/input/processed1739290123image.png'), PosixPath('/app/input/processed1739530510image.png'), PosixPath('/app/input/processed_1733135043_affirmation.mp4'), PosixPath('/app/input/sound.mp3'), PosixPath('/app/input/test_image.jpg')] [video_processor.py:57]
2025-03-03 12:27:39,404 - INFO: Starting video processing... [video_processor.py:168]
2025-03-03 12:27:39,405 - INFO: Loading audio from: /app/uploads/combined_audio.mp3 [video_processor.py:180]
2025-03-03 12:27:39,494 - INFO: Audio loaded successfully [video_processor.py:183]
2025-03-03 12:27:39,498 - INFO: Loading video from: /app/input/background.mp4 [video_processor.py:188]
2025-03-03 12:27:39,919 - INFO: Video loaded successfully [video_processor.py:190]
2025-03-03 12:27:39,971 - INFO: Creating overlay elements... [video_processor.py:199]
2025-03-03 12:27:40,999 - INFO: Compositing final video... [video_processor.py:247]
2025-03-03 12:27:41,082 - INFO: Writing output to: processed1741004859video.mp4 [video_processor.py:256]
2025-03-03 12:27:55,990 - INFO: Video processing completed: processed1741004859video.mp4 [video_processor.py:273]
2025-03-03 12:27:55,993 - INFO: Starting cleanup of processed videos older than 24 hours... [video_processor.py:126]
2025-03-03 12:27:56,010 - INFO: Cleanup completed. Deleted 0 files. [video_processor.py:152]
2025-04-10 08:39:53,892 - INFO: Using font: /app/input/BebasNeue-Regular.ttf [video_processor.py:51]
2025-04-10 08:39:53,893 - INFO: Input folder: /app/input [video_processor.py:54]
2025-04-10 08:39:53,893 - INFO: Font path: /app/input/BebasNeue-Regular.ttf [video_processor.py:55]
2025-04-10 08:39:53,893 - INFO: Font exists: True [video_processor.py:56]
2025-04-10 08:39:53,895 - INFO: Directory contents: [PosixPath('/app/input/processed_1733135043_affirmation.mp4'), PosixPath('/app/input/body.TXT'), PosixPath('/app/input/processed1739530510image.png'), PosixPath('/app/input/affirmation.mp3'), PosixPath('/app/input/header_text.TXT'), PosixPath('/app/input/BebasNeue-Regular.ttf'), PosixPath('/app/input/test_image.jpg'), PosixPath('/app/input/music.mp3'), PosixPath('/app/input/curl'), PosixPath('/app/input/logo.png'), PosixPath('/app/input/sound.mp3'), PosixPath('/app/input/background.mp4'), PosixPath('/app/input/author.txt'), PosixPath('/app/input/processed1739290123image.png'), PosixPath('/app/input/Cormorant_Garamond.zip')] [video_processor.py:57]
2025-04-10 08:39:53,896 - INFO: Starting video processing... [video_processor.py:168]
2025-04-10 08:39:53,897 - INFO: Loading audio from: /app/uploads/combined_audio.mp3 [video_processor.py:180]
2025-04-10 08:39:53,930 - INFO: Audio loaded successfully [video_processor.py:183]
2025-04-10 08:39:53,931 - INFO: Loading video from: /app/input/background.mp4 [video_processor.py:188]
2025-04-10 08:39:53,980 - INFO: Video loaded successfully [video_processor.py:190]
2025-04-10 08:39:53,987 - INFO: Creating overlay elements... [video_processor.py:199]
2025-04-10 08:39:54,112 - INFO: Compositing final video... [video_processor.py:247]
2025-04-10 08:39:54,122 - INFO: Writing output to: processed1744274393video.mp4 [video_processor.py:256]
2025-04-10 08:39:57,481 - INFO: Video processing completed: processed1744274393video.mp4 [video_processor.py:273]
2025-04-10 08:39:57,481 - INFO: Starting cleanup of processed videos older than 24 hours... [video_processor.py:126]
2025-04-10 08:39:57,483 - INFO: Cleanup completed. Deleted 0 files. [video_processor.py:152]
2025-04-10 08:43:25,479 - INFO: Using font: /app/input/BebasNeue-Regular.ttf [video_processor.py:51]
2025-04-10 08:43:25,479 - INFO: Input folder: /app/input [video_processor.py:54]
2025-04-10 08:43:25,479 - INFO: Font path: /app/input/BebasNeue-Regular.ttf [video_processor.py:55]
2025-04-10 08:43:25,479 - INFO: Font exists: True [video_processor.py:56]
2025-04-10 08:43:25,480 - INFO: Directory contents: [PosixPath('/app/input/processed_1733135043_affirmation.mp4'), PosixPath('/app/input/body.TXT'), PosixPath('/app/input/processed1739530510image.png'), PosixPath('/app/input/affirmation.mp3'), PosixPath('/app/input/header_text.TXT'), PosixPath('/app/input/BebasNeue-Regular.ttf'), PosixPath('/app/input/test_image.jpg'), PosixPath('/app/input/music.mp3'), PosixPath('/app/input/curl'), PosixPath('/app/input/logo.png'), PosixPath('/app/input/sound.mp3'), PosixPath('/app/input/background.mp4'), PosixPath('/app/input/author.txt'), PosixPath('/app/input/processed1739290123image.png'), PosixPath('/app/input/Cormorant_Garamond.zip')] [video_processor.py:57]
2025-04-10 08:43:25,481 - INFO: Starting video processing... [video_processor.py:168]
2025-04-10 08:43:25,481 - INFO: Loading audio from: /app/uploads/combined_audio.mp3 [video_processor.py:180]
2025-04-10 08:43:25,492 - INFO: Audio loaded successfully [video_processor.py:183]
2025-04-10 08:43:25,492 - INFO: Loading video from: /app/input/background.mp4 [video_processor.py:188]
2025-04-10 08:43:25,534 - INFO: Video loaded successfully [video_processor.py:190]
2025-04-10 08:43:25,537 - INFO: Creating overlay elements... [video_processor.py:199]
2025-04-10 08:43:25,662 - INFO: Compositing final video... [video_processor.py:247]
2025-04-10 08:43:25,672 - INFO: Writing output to: processed1744274605video.mp4 [video_processor.py:256]
2025-04-10 08:43:29,093 - INFO: Video processing completed: processed1744274605video.mp4 [video_processor.py:273]
2025-04-10 08:43:29,093 - INFO: Starting cleanup of processed videos older than 24 hours... [video_processor.py:126]
2025-04-10 08:43:29,094 - INFO: Cleanup completed. Deleted 0 files. [video_processor.py:152]
2025-04-11 13:01:12,871 - INFO: Using font: /app/input/BebasNeue-Regular.ttf [video_processor.py:51]
2025-04-11 13:01:12,871 - INFO: Input folder: /app/input [video_processor.py:54]
2025-04-11 13:01:12,871 - INFO: Font path: /app/input/BebasNeue-Regular.ttf [video_processor.py:55]
2025-04-11 13:01:12,871 - INFO: Font exists: True [video_processor.py:56]
2025-04-11 13:01:12,872 - INFO: Directory contents: [PosixPath('/app/input/processed_1733135043_affirmation.mp4'), PosixPath('/app/input/body.TXT'), PosixPath('/app/input/processed1739530510image.png'), PosixPath('/app/input/affirmation.mp3'), PosixPath('/app/input/header_text.TXT'), PosixPath('/app/input/BebasNeue-Regular.ttf'), PosixPath('/app/input/test_image.jpg'), PosixPath('/app/input/music.mp3'), PosixPath('/app/input/curl'), PosixPath('/app/input/logo.png'), PosixPath('/app/input/sound.mp3'), PosixPath('/app/input/background.mp4'), PosixPath('/app/input/author.txt'), PosixPath('/app/input/processed1739290123image.png'), PosixPath('/app/input/Cormorant_Garamond.zip')] [video_processor.py:57]
2025-04-11 13:01:12,873 - INFO: Starting video processing... [video_processor.py:168]
2025-04-11 13:01:12,873 - INFO: Loading audio from: /app/uploads/combined_audio.mp3 [video_processor.py:180]
2025-04-11 13:01:12,903 - INFO: Audio loaded successfully [video_processor.py:183]
2025-04-11 13:01:12,903 - INFO: Loading video from: /app/input/background.mp4 [video_processor.py:188]
2025-04-11 13:01:12,954 - INFO: Video loaded successfully [video_processor.py:190]
2025-04-11 13:01:12,962 - INFO: Creating overlay elements... [video_processor.py:199]
2025-04-11 13:01:13,094 - INFO: Compositing final video... [video_processor.py:247]
2025-04-11 13:01:13,106 - INFO: Writing output to: processed1744376472video.mp4 [video_processor.py:256]
2025-04-11 13:01:16,549 - INFO: Video processing completed: processed1744376472video.mp4 [video_processor.py:273]
2025-04-11 13:01:16,549 - INFO: Starting cleanup of processed videos older than 24 hours... [video_processor.py:126]
2025-04-11 13:01:16,550 - INFO: Cleanup completed. Deleted 0 files. [video_processor.py:152]
2025-04-11 13:03:01,322 - INFO: Using font: /app/input/BebasNeue-Regular.ttf [video_processor.py:51]
2025-04-11 13:03:01,322 - INFO: Input folder: /app/input [video_processor.py:54]
2025-04-11 13:03:01,323 - INFO: Font path: /app/input/BebasNeue-Regular.ttf [video_processor.py:55]
2025-04-11 13:03:01,323 - INFO: Font exists: True [video_processor.py:56]
2025-04-11 13:03:01,323 - INFO: Directory contents: [PosixPath('/app/input/processed_1733135043_affirmation.mp4'), PosixPath('/app/input/body.TXT'), PosixPath('/app/input/processed1739530510image.png'), PosixPath('/app/input/affirmation.mp3'), PosixPath('/app/input/header_text.TXT'), PosixPath('/app/input/BebasNeue-Regular.ttf'), PosixPath('/app/input/test_image.jpg'), PosixPath('/app/input/music.mp3'), PosixPath('/app/input/curl'), PosixPath('/app/input/logo.png'), PosixPath('/app/input/sound.mp3'), PosixPath('/app/input/background.mp4'), PosixPath('/app/input/author.txt'), PosixPath('/app/input/processed1739290123image.png'), PosixPath('/app/input/Cormorant_Garamond.zip')] [video_processor.py:57]
2025-04-11 13:03:01,324 - INFO: Starting video processing... [video_processor.py:168]
2025-04-11 13:03:01,324 - INFO: Loading audio from: /app/uploads/combined_audio.mp3 [video_processor.py:180]
2025-04-11 13:03:01,336 - INFO: Audio loaded successfully [video_processor.py:183]
2025-04-11 13:03:01,336 - INFO: Loading video from: /app/input/background.mp4 [video_processor.py:188]
2025-04-11 13:03:01,380 - INFO: Video loaded successfully [video_processor.py:190]
2025-04-11 13:03:01,384 - INFO: Creating overlay elements... [video_processor.py:199]
2025-04-11 13:03:01,514 - INFO: Compositing final video... [video_processor.py:247]
2025-04-11 13:03:01,524 - INFO: Writing output to: processed1744376581video.mp4 [video_processor.py:256]
2025-04-11 13:03:04,966 - INFO: Video processing completed: processed1744376581video.mp4 [video_processor.py:273]
2025-04-11 13:03:04,967 - INFO: Starting cleanup of processed videos older than 24 hours... [video_processor.py:126]
2025-04-11 13:03:04,967 - INFO: Cleanup completed. Deleted 0 files. [video_processor.py:152]
2025-04-11 13:07:56,972 - INFO: Using font: /app/input/BebasNeue-Regular.ttf [video_processor.py:51]
2025-04-11 13:07:56,972 - INFO: Input folder: /app/input [video_processor.py:54]
2025-04-11 13:07:56,972 - INFO: Font path: /app/input/BebasNeue-Regular.ttf [video_processor.py:55]
2025-04-11 13:07:56,973 - INFO: Font exists: True [video_processor.py:56]
2025-04-11 13:07:56,973 - INFO: Directory contents: [PosixPath('/app/input/processed_1733135043_affirmation.mp4'), PosixPath('/app/input/body.TXT'), PosixPath('/app/input/processed1739530510image.png'), PosixPath('/app/input/affirmation.mp3'), PosixPath('/app/input/header_text.TXT'), PosixPath('/app/input/BebasNeue-Regular.ttf'), PosixPath('/app/input/test_image.jpg'), PosixPath('/app/input/music.mp3'), PosixPath('/app/input/curl'), PosixPath('/app/input/logo.png'), PosixPath('/app/input/sound.mp3'), PosixPath('/app/input/background.mp4'), PosixPath('/app/input/author.txt'), PosixPath('/app/input/processed1739290123image.png'), PosixPath('/app/input/Cormorant_Garamond.zip')] [video_processor.py:57]
2025-04-11 13:07:56,974 - INFO: Starting video processing... [video_processor.py:168]
2025-04-11 13:07:56,974 - INFO: Loading audio from: /app/uploads/combined_audio.mp3 [video_processor.py:180]
2025-04-11 13:07:56,986 - INFO: Audio loaded successfully [video_processor.py:183]
2025-04-11 13:07:56,986 - INFO: Loading video from: /app/input/background.mp4 [video_processor.py:188]
2025-04-11 13:07:57,030 - INFO: Video loaded successfully [video_processor.py:190]
2025-04-11 13:07:57,033 - INFO: Creating overlay elements... [video_processor.py:199]
2025-04-11 13:07:57,163 - INFO: Compositing final video... [video_processor.py:247]
2025-04-11 13:07:57,175 - INFO: Writing output to: processed1744376876video.mp4 [video_processor.py:256]
2025-04-11 13:08:00,680 - INFO: Video processing completed: processed1744376876video.mp4 [video_processor.py:273]
2025-04-11 13:08:00,681 - INFO: Starting cleanup of processed videos older than 24 hours... [video_processor.py:126]
2025-04-11 13:08:00,682 - INFO: Cleanup completed. Deleted 0 files. [video_processor.py:152]
2025-04-18 10:08:46,496 - INFO: Using font: /app/input/BebasNeue-Regular.ttf [video_processor.py:51]
2025-04-18 10:08:46,497 - INFO: Input folder: /app/input [video_processor.py:54]
2025-04-18 10:08:46,497 - INFO: Font path: /app/input/BebasNeue-Regular.ttf [video_processor.py:55]
2025-04-18 10:08:46,497 - INFO: Font exists: True [video_processor.py:56]
2025-04-18 10:08:46,498 - INFO: Directory contents: [PosixPath('/app/input/processed_1733135043_affirmation.mp4'), PosixPath('/app/input/body.TXT'), PosixPath('/app/input/processed1739530510image.png'), PosixPath('/app/input/affirmation.mp3'), PosixPath('/app/input/header_text.TXT'), PosixPath('/app/input/BebasNeue-Regular.ttf'), PosixPath('/app/input/test_image.jpg'), PosixPath('/app/input/music.mp3'), PosixPath('/app/input/curl'), PosixPath('/app/input/logo.png'), PosixPath('/app/input/sound.mp3'), PosixPath('/app/input/background.mp4'), PosixPath('/app/input/author.txt'), PosixPath('/app/input/processed1739290123image.png'), PosixPath('/app/input/Cormorant_Garamond.zip')] [video_processor.py:57]
2025-04-18 10:08:46,499 - INFO: Starting video processing... [video_processor.py:168]
2025-04-18 10:08:46,499 - INFO: Loading audio from: /app/uploads/combined_audio.mp3 [video_processor.py:180]
2025-04-18 10:08:46,531 - INFO: Audio loaded successfully [video_processor.py:183]
2025-04-18 10:08:46,531 - INFO: Loading video from: /app/input/background.mp4 [video_processor.py:188]
2025-04-18 10:08:46,584 - INFO: Video loaded successfully [video_processor.py:190]
2025-04-18 10:08:46,591 - INFO: Creating overlay elements... [video_processor.py:199]
2025-04-18 10:08:46,732 - INFO: Compositing final video... [video_processor.py:247]
2025-04-18 10:08:46,746 - INFO: Writing output to: processed1744970926video.mp4 [video_processor.py:256]
2025-04-18 10:08:50,789 - INFO: Video processing completed: processed1744970926video.mp4 [video_processor.py:273]
2025-04-18 10:08:50,789 - INFO: Starting cleanup of processed videos older than 24 hours... [video_processor.py:126]
2025-04-18 10:08:50,792 - INFO: Cleanup completed. Deleted 0 files. [video_processor.py:152]
2025-06-18 13:17:09,843 - INFO: Using font: /app/input/BebasNeue-Regular.ttf [video_processor.py:51]
2025-06-18 13:17:09,843 - INFO: Input folder: /app/input [video_processor.py:54]
2025-06-18 13:17:09,844 - INFO: Font path: /app/input/BebasNeue-Regular.ttf [video_processor.py:55]
2025-06-18 13:17:09,844 - INFO: Font exists: True [video_processor.py:56]
2025-06-18 13:17:09,844 - INFO: Directory contents: [PosixPath('/app/input/processed_1733135043_affirmation.mp4'), PosixPath('/app/input/body.TXT'), PosixPath('/app/input/processed1739530510image.png'), PosixPath('/app/input/affirmation.mp3'), PosixPath('/app/input/header_text.TXT'), PosixPath('/app/input/BebasNeue-Regular.ttf'), PosixPath('/app/input/test_image.jpg'), PosixPath('/app/input/music.mp3'), PosixPath('/app/input/curl'), PosixPath('/app/input/logo.png'), PosixPath('/app/input/sound.mp3'), PosixPath('/app/input/background.mp4'), PosixPath('/app/input/author.txt'), PosixPath('/app/input/processed1739290123image.png'), PosixPath('/app/input/Cormorant_Garamond.zip')] [video_processor.py:57]
2025-06-18 13:17:09,845 - INFO: Starting video processing... [video_processor.py:168]
2025-06-18 13:17:09,845 - INFO: Loading audio from: /app/uploads/combined_audio.mp3 [video_processor.py:180]
2025-06-18 13:17:09,895 - INFO: Audio loaded successfully [video_processor.py:183]
2025-06-18 13:17:09,895 - INFO: Loading video from: /app/input/background.mp4 [video_processor.py:188]
2025-06-18 13:17:09,958 - INFO: Video loaded successfully [video_processor.py:190]
2025-06-18 13:17:09,972 - INFO: Creating overlay elements... [video_processor.py:199]
2025-06-18 13:17:10,129 - INFO: Compositing final video... [video_processor.py:247]
2025-06-18 13:17:10,152 - INFO: Writing output to: processed1750252629video.mp4 [video_processor.py:256]
2025-06-18 13:17:14,582 - INFO: Video processing completed: processed1750252629video.mp4 [video_processor.py:273]
2025-06-18 13:17:14,583 - INFO: Starting cleanup of processed videos older than 24 hours... [video_processor.py:126]
2025-06-18 13:17:14,586 - INFO: Cleanup completed. Deleted 0 files. [video_processor.py:152]
2025-06-18 13:26:08,762 - INFO: Using font: /app/input/BebasNeue-Regular.ttf [video_processor.py:51]
2025-06-18 13:26:08,763 - INFO: Input folder: /app/input [video_processor.py:54]
2025-06-18 13:26:08,763 - INFO: Font path: /app/input/BebasNeue-Regular.ttf [video_processor.py:55]
2025-06-18 13:26:08,764 - INFO: Font exists: True [video_processor.py:56]
2025-06-18 13:26:08,764 - INFO: Directory contents: [PosixPath('/app/input/processed_1733135043_affirmation.mp4'), PosixPath('/app/input/body.TXT'), PosixPath('/app/input/processed1739530510image.png'), PosixPath('/app/input/affirmation.mp3'), PosixPath('/app/input/header_text.TXT'), PosixPath('/app/input/BebasNeue-Regular.ttf'), PosixPath('/app/input/test_image.jpg'), PosixPath('/app/input/music.mp3'), PosixPath('/app/input/curl'), PosixPath('/app/input/logo.png'), PosixPath('/app/input/sound.mp3'), PosixPath('/app/input/background.mp4'), PosixPath('/app/input/author.txt'), PosixPath('/app/input/processed1739290123image.png'), PosixPath('/app/input/Cormorant_Garamond.zip')] [video_processor.py:57]
2025-06-18 13:26:08,765 - INFO: Starting video processing... [video_processor.py:168]
2025-06-18 13:26:08,765 - INFO: Loading audio from: /app/uploads/combined_audio.mp3 [video_processor.py:180]
2025-06-18 13:26:08,775 - INFO: Audio loaded successfully [video_processor.py:183]
2025-06-18 13:26:08,775 - INFO: Loading video from: /app/input/background.mp4 [video_processor.py:188]
2025-06-18 13:26:08,816 - INFO: Video loaded successfully [video_processor.py:190]
2025-06-18 13:26:08,820 - INFO: Creating overlay elements... [video_processor.py:199]
2025-06-18 13:26:08,955 - INFO: Compositing final video... [video_processor.py:247]
2025-06-18 13:26:08,964 - INFO: Writing output to: processed1750253168video.mp4 [video_processor.py:256]
2025-06-18 13:26:12,342 - INFO: Video processing completed: processed1750253168video.mp4 [video_processor.py:273]
2025-06-18 13:26:12,343 - INFO: Starting cleanup of processed videos older than 24 hours... [video_processor.py:126]
2025-06-18 13:26:12,344 - INFO: Cleanup completed. Deleted 0 files. [video_processor.py:152]
2025-06-24 14:48:33,616 - INFO: Using font: /app/input/BebasNeue-Regular.ttf [video_processor.py:51]
2025-06-24 14:48:33,616 - INFO: Input folder: /app/input [video_processor.py:54]
2025-06-24 14:48:33,616 - INFO: Font path: /app/input/BebasNeue-Regular.ttf [video_processor.py:55]
2025-06-24 14:48:33,617 - INFO: Font exists: True [video_processor.py:56]
2025-06-24 14:48:33,617 - INFO: Directory contents: [PosixPath('/app/input/processed_1733135043_affirmation.mp4'), PosixPath('/app/input/body.TXT'), PosixPath('/app/input/processed1739530510image.png'), PosixPath('/app/input/affirmation.mp3'), PosixPath('/app/input/header_text.TXT'), PosixPath('/app/input/BebasNeue-Regular.ttf'), PosixPath('/app/input/test_image.jpg'), PosixPath('/app/input/music.mp3'), PosixPath('/app/input/curl'), PosixPath('/app/input/logo.png'), PosixPath('/app/input/sound.mp3'), PosixPath('/app/input/background.mp4'), PosixPath('/app/input/author.txt'), PosixPath('/app/input/processed1739290123image.png'), PosixPath('/app/input/Cormorant_Garamond.zip')] [video_processor.py:57]
2025-06-24 14:48:33,618 - INFO: Starting video processing... [video_processor.py:168]
2025-06-24 14:48:33,618 - INFO: Loading audio from: /app/uploads/combined_audio.mp3 [video_processor.py:180]
2025-06-24 14:48:33,673 - INFO: Audio loaded successfully [video_processor.py:183]
2025-06-24 14:48:33,673 - INFO: Loading video from: /app/input/background.mp4 [video_processor.py:188]
2025-06-24 14:48:33,757 - INFO: Video loaded successfully [video_processor.py:190]
2025-06-24 14:48:33,775 - INFO: Creating overlay elements... [video_processor.py:199]
2025-06-24 14:48:33,939 - INFO: Compositing final video... [video_processor.py:247]
2025-06-24 14:48:33,957 - INFO: Writing output to: processed1750776513video.mp4 [video_processor.py:256]
2025-06-24 14:48:37,411 - INFO: Video processing completed: processed1750776513video.mp4 [video_processor.py:273]
2025-06-24 14:48:37,411 - INFO: Starting cleanup of processed videos older than 24 hours... [video_processor.py:126]
2025-06-24 14:48:37,415 - INFO: Cleanup completed. Deleted 0 files. [video_processor.py:152]
2025-07-03 11:07:18,540 - INFO: Using font: /app/input/BebasNeue-Regular.ttf [video_processor.py:51]
2025-07-03 11:07:18,541 - INFO: Input folder: /app/input [video_processor.py:54]
2025-07-03 11:07:18,541 - INFO: Font path: /app/input/BebasNeue-Regular.ttf [video_processor.py:55]
2025-07-03 11:07:18,541 - INFO: Font exists: True [video_processor.py:56]
2025-07-03 11:07:18,542 - INFO: Directory contents: [PosixPath('/app/input/processed_1733135043_affirmation.mp4'), PosixPath('/app/input/body.TXT'), PosixPath('/app/input/processed1739530510image.png'), PosixPath('/app/input/affirmation.mp3'), PosixPath('/app/input/header_text.TXT'), PosixPath('/app/input/BebasNeue-Regular.ttf'), PosixPath('/app/input/test_image.jpg'), PosixPath('/app/input/music.mp3'), PosixPath('/app/input/curl'), PosixPath('/app/input/logo.png'), PosixPath('/app/input/sound.mp3'), PosixPath('/app/input/background.mp4'), PosixPath('/app/input/author.txt'), PosixPath('/app/input/processed1739290123image.png'), PosixPath('/app/input/Cormorant_Garamond.zip')] [video_processor.py:57]
2025-07-03 11:07:18,542 - INFO: Starting video processing... [video_processor.py:168]
2025-07-03 11:07:18,543 - INFO: Loading audio from: /app/uploads/combined_audio.mp3 [video_processor.py:180]
2025-07-03 11:07:18,573 - INFO: Audio loaded successfully [video_processor.py:183]
2025-07-03 11:07:18,574 - INFO: Loading video from: /app/input/background.mp4 [video_processor.py:188]
2025-07-03 11:07:18,647 - INFO: Video loaded successfully [video_processor.py:190]
2025-07-03 11:07:18,657 - INFO: Creating overlay elements... [video_processor.py:199]
2025-07-03 11:07:18,807 - INFO: Compositing final video... [video_processor.py:247]
2025-07-03 11:07:18,826 - INFO: Writing output to: processed1751540838video.mp4 [video_processor.py:256]
2025-07-03 11:07:22,305 - INFO: Video processing completed: processed1751540838video.mp4 [video_processor.py:273]
2025-07-03 11:07:22,305 - INFO: Starting cleanup of processed videos older than 24 hours... [video_processor.py:126]
2025-07-03 11:07:22,309 - INFO: Cleanup completed. Deleted 0 files. [video_processor.py:152]
2025-07-03 11:12:52,048 - INFO: Using font: /app/input/BebasNeue-Regular.ttf [video_processor.py:51]
2025-07-03 11:12:52,049 - INFO: Input folder: /app/input [video_processor.py:54]
2025-07-03 11:12:52,049 - INFO: Font path: /app/input/BebasNeue-Regular.ttf [video_processor.py:55]
2025-07-03 11:12:52,049 - INFO: Font exists: True [video_processor.py:56]
2025-07-03 11:12:52,050 - INFO: Directory contents: [PosixPath('/app/input/processed_1733135043_affirmation.mp4'), PosixPath('/app/input/body.TXT'), PosixPath('/app/input/processed1739530510image.png'), PosixPath('/app/input/affirmation.mp3'), PosixPath('/app/input/header_text.TXT'), PosixPath('/app/input/BebasNeue-Regular.ttf'), PosixPath('/app/input/test_image.jpg'), PosixPath('/app/input/music.mp3'), PosixPath('/app/input/curl'), PosixPath('/app/input/logo.png'), PosixPath('/app/input/sound.mp3'), PosixPath('/app/input/background.mp4'), PosixPath('/app/input/author.txt'), PosixPath('/app/input/processed1739290123image.png'), PosixPath('/app/input/Cormorant_Garamond.zip')] [video_processor.py:57]
2025-07-03 11:12:52,051 - INFO: Starting video processing... [video_processor.py:168]
2025-07-03 11:12:52,051 - INFO: Loading audio from: /app/uploads/combined_audio.mp3 [video_processor.py:180]
2025-07-03 11:12:52,061 - INFO: Audio loaded successfully [video_processor.py:183]
2025-07-03 11:12:52,061 - INFO: Loading video from: /app/input/background.mp4 [video_processor.py:188]
2025-07-03 11:12:52,104 - INFO: Video loaded successfully [video_processor.py:190]
2025-07-03 11:12:52,107 - INFO: Creating overlay elements... [video_processor.py:199]
2025-07-03 11:12:52,234 - INFO: Compositing final video... [video_processor.py:247]
2025-07-03 11:12:52,243 - INFO: Writing output to: processed1751541172video.mp4 [video_processor.py:256]
2025-07-03 11:12:55,654 - INFO: Video processing completed: processed1751541172video.mp4 [video_processor.py:273]
2025-07-03 11:12:55,655 - INFO: Starting cleanup of processed videos older than 24 hours... [video_processor.py:126]
2025-07-03 11:12:55,656 - INFO: Cleanup completed. Deleted 0 files. [video_processor.py:152]
2025-07-03 11:25:26,972 - INFO: Using font: /app/input/BebasNeue-Regular.ttf [video_processor.py:51]
2025-07-03 11:25:26,973 - INFO: Input folder: /app/input [video_processor.py:54]
2025-07-03 11:25:26,973 - INFO: Font path: /app/input/BebasNeue-Regular.ttf [video_processor.py:55]
2025-07-03 11:25:26,973 - INFO: Font exists: True [video_processor.py:56]
2025-07-03 11:25:26,974 - INFO: Directory contents: [PosixPath('/app/input/processed_1733135043_affirmation.mp4'), PosixPath('/app/input/body.TXT'), PosixPath('/app/input/processed1739530510image.png'), PosixPath('/app/input/affirmation.mp3'), PosixPath('/app/input/header_text.TXT'), PosixPath('/app/input/BebasNeue-Regular.ttf'), PosixPath('/app/input/test_image.jpg'), PosixPath('/app/input/music.mp3'), PosixPath('/app/input/curl'), PosixPath('/app/input/logo.png'), PosixPath('/app/input/sound.mp3'), PosixPath('/app/input/background.mp4'), PosixPath('/app/input/author.txt'), PosixPath('/app/input/processed1739290123image.png'), PosixPath('/app/input/Cormorant_Garamond.zip')] [video_processor.py:57]
2025-07-03 11:25:26,975 - INFO: Starting video processing... [video_processor.py:169]
2025-07-03 11:25:26,975 - INFO: Loading audio from: /app/uploads/combined_audio.mp3 [video_processor.py:181]
2025-07-03 11:25:26,985 - INFO: Audio loaded successfully [video_processor.py:184]
2025-07-03 11:25:26,985 - INFO: Loading video from: /app/input/background.mp4 [video_processor.py:189]
2025-07-03 11:25:27,028 - INFO: Video loaded successfully [video_processor.py:191]
2025-07-03 11:25:27,033 - INFO: Creating overlay elements... [video_processor.py:200]
2025-07-03 11:25:27,173 - INFO: Compositing final video... [video_processor.py:248]
2025-07-03 11:25:27,183 - INFO: Writing output to: processed1751541926video.mp4 [video_processor.py:257]
2025-07-03 11:25:30,592 - INFO: Video processing completed: processed1751541926video.mp4 [video_processor.py:274]
2025-07-03 11:25:30,592 - INFO: Starting cleanup of processed videos older than 24 hours... [video_processor.py:126]
2025-07-03 11:25:30,593 - INFO: Cleanup completed. Deleted 0 files. [video_processor.py:152]
