2025-03-07 12:05:31,616 INFO: Headers: {'Host': 'localhost:8000', 'Connection': 'keep-alive', 'Sec-Ch-Ua-Platform': '"macOS"', 'User-Agent': 'Mozilla/5.0 (Macintosh; Intel Mac OS X 10_15_7) AppleWebKit/537.36 (KHTML, like Gecko) Chrome/134.0.0.0 Safari/537.36', 'Sec-Ch-Ua': '"Chromium";v="134", "Not:A-Brand";v="24", "Google Chrome";v="134"', 'Sec-Ch-Ua-Mobile': '?0', 'Accept': 'image/avif,image/webp,image/apng,image/svg+xml,image/*,*/*;q=0.8', 'Sec-Fetch-Site': 'same-origin', 'Sec-Fetch-Mode': 'no-cors', 'Sec-Fetch-Dest': 'image', 'Referer': 'http://localhost:8000/', 'Accept-Encoding': 'gzip, deflate, br, zstd', 'Accept-Language': 'en-US,en;q=0.9', 'Cookie': 'rl_page_init_referrer=RudderEncrypt%3AU2FsdGVkX1%2FG3vM5Z%2FF6OwjjdDMkhpGWAakKE8jiXCY%3D; rl_page_init_referring_domain=RudderEncrypt%3AU2FsdGVkX19hCuTGpCC2uvKehxsMW2%2Bq0qE2lJ2ap80%3D; n8n-auth=eyJhbGciOiJIUzI1NiIsInR5cCI6IkpXVCJ9.eyJpZCI6ImQxZWM3YTI4LTIzNGMtNDBjMC05ZmNhLTBiOGZiOGQ5OTkwYiIsImhhc2giOiI1aHBBQjZRbDNVIiwiYnJvd3NlcklkIjoielY5NnVOay9BQ2Y1MVZuVmV2a09NSER5eDd1NGphdG81cktwTzY3UVY0WT0iLCJpYXQiOjE3NDEzNDcyNTcsImV4cCI6MTc0MTk1MjA1N30.Hu4ToWLlqmUp1DB-RzezGDxAGUh8csqYhMfFPep_lPc; rl_anonymous_id=RudderEncrypt%3AU2FsdGVkX1%2FLpGfbzepgkCovRubtSfH1Ll2rQ6p3Uvb0RtUJkrm5uakBRlqOod%2BRheQGL%2BCq%2B%2Bzkbf2DaPQNCQ%3D%3D; rl_user_id=RudderEncrypt%3AU2FsdGVkX19II5QrXV3j9c21kb28QDjFxBXyEf%2Ff76TFfaduYgKYCKDSmk25f6Hfaw9lKaioPgxdFONZW%2FW83qk52UNASz3ekZjl4ne40cEUvUDA4sgJx4j3%2BiHxN%2FzOVGBKNzk%2BFCBixpXC8whWmRkzGqFjU2h4%2FPYViIFSeB0%3D; rl_trait=RudderEncrypt%3AU2FsdGVkX18skA2qaTGhVhp0XUQ%2B4O81QWIRUOb7ZdWCg18CWqma0gQi54pqnOz22hFeG48wFB%2FteQunp5FNeMLiR6vC8Yqx4kxeV8LFPDBucCabCMAvTXaCzktYLc%2B88X2wQfo3F2NQPz7x1jTXFA%3D%3D; rl_session=RudderEncrypt%3AU2FsdGVkX1%2FE5890lnywzJV9KfKzUunJnS8J2HF7DjEWtPIaUvbi8mGvj6bKSu94F8cc4OgAIqrE5Lj2NwdQCD%2F70pu3Tra3tjptqR071dG%2F6B2BLBjqKh%2BJ%2F6BHyc2QZF%2FpSJ2QNIEgY4D9scP%2BXQ%3D%3D; ph_phc_4URIAm1uYfJO7j8kWSe0J8lc8IqnstRLS7Jx8NcakHo_posthog=%7B%22distinct_id%22%3A%22e1a347a7e514a342225e2b507e5b7b57a330bae786be5e94f8d44205a08731a9%23d1ec7a28-234c-40c0-9fca-0b8fb8d9990b%22%2C%22%24sesid%22%3A%5B1741348816679%2C%2201957062-7d54-7955-a4b4-37a23aa08f8a%22%2C1741347257684%5D%2C%22%24epp%22%3Atrue%2C%22%24initial_person_info%22%3A%7B%22r%22%3A%22%24direct%22%2C%22u%22%3A%22http%3A%2F%2Flocalhost%3A5678%2Fsetup%22%7D%7D'} [in /app/__init__.py:34]
2025-03-07 12:05:31,620 INFO: Body: b'' [in /app/__init__.py:36]
2025-03-07 12:05:31,621 INFO: Response Status: 404 NOT FOUND [in /app/__init__.py:43]
2025-03-07 12:05:31,621 INFO: Response Headers: {'Content-Type': 'text/html; charset=utf-8', 'Content-Length': '232'} [in /app/__init__.py:45]
2025-03-07 12:26:08,200 INFO: Video service startup [in /app/__init__.py:48]
2025-03-07 12:26:08,457 INFO: Video service startup [in /app/__init__.py:48]
2025-03-07 13:34:42,468 INFO: Video service startup [in /app/__init__.py:48]
2025-03-07 13:34:43,039 INFO: Video service startup [in /app/__init__.py:48]
2025-03-08 07:34:44,570 INFO: Video service startup [in /app/__init__.py:48]
2025-03-08 07:34:45,190 INFO: Video service startup [in /app/__init__.py:48]
2025-04-08 09:45:19,760 INFO: Video service startup [in /app/__init__.py:48]
2025-04-08 09:45:20,391 INFO: Video service startup [in /app/__init__.py:48]
2025-04-08 09:45:39,403 INFO: Video service startup [in /app/__init__.py:48]
2025-04-08 09:45:39,629 INFO: Video service startup [in /app/__init__.py:48]
2025-04-10 08:24:14,741 INFO: Video service startup [in /app/__init__.py:48]
2025-04-10 08:24:15,311 INFO: Video service startup [in /app/__init__.py:48]
2025-04-10 08:39:50,921 INFO: Request Method: POST, Path: /process_video [in /app/__init__.py:33]
2025-04-10 08:39:50,921 INFO: Headers: {'Accept': 'application/json,text/html,application/xhtml+xml,application/xml,text/*;q=0.9, image/*;q=0.8, */*;q=0.7', 'Content-Type': 'multipart/form-data; boundary=--------------------------642690554710658501538408', 'X-Api-Key': 'ffff2e3743695e2844f766418576b81301376f8a46a45dcb3242ae67cb5ce8e0', 'Connection': 'keep-alive', 'Content-Length': '212654', 'User-Agent': 'axios/1.8.2', 'Accept-Encoding': 'gzip, compress, deflate, br', 'Host': 'python_editor:8000'} [in /app/__init__.py:34]
2025-04-10 08:39:50,922 INFO: Files in request: ['affirmation', 'music'] [in /app/__init__.py:38]
2025-04-10 08:39:53,724 INFO: Affirmation duration: 2.586 seconds [in /app/audio_processor.py:76]
2025-04-10 08:39:53,724 INFO: Music duration: 6.586 seconds [in /app/audio_processor.py:77]
2025-04-10 08:39:53,892 INFO: Using font: /app/input/BebasNeue-Regular.ttf [in /app/video_processor.py:51]
2025-04-10 08:39:53,893 INFO: Input folder: /app/input [in /app/video_processor.py:54]
2025-04-10 08:39:53,893 INFO: Font path: /app/input/BebasNeue-Regular.ttf [in /app/video_processor.py:55]
2025-04-10 08:39:53,893 INFO: Font exists: True [in /app/video_processor.py:56]
2025-04-10 08:39:53,895 INFO: Directory contents: [PosixPath('/app/input/processed_1733135043_affirmation.mp4'), PosixPath('/app/input/body.TXT'), PosixPath('/app/input/processed1739530510image.png'), PosixPath('/app/input/affirmation.mp3'), PosixPath('/app/input/header_text.TXT'), PosixPath('/app/input/BebasNeue-Regular.ttf'), PosixPath('/app/input/test_image.jpg'), PosixPath('/app/input/music.mp3'), PosixPath('/app/input/curl'), PosixPath('/app/input/logo.png'), PosixPath('/app/input/sound.mp3'), PosixPath('/app/input/background.mp4'), PosixPath('/app/input/author.txt'), PosixPath('/app/input/processed1739290123image.png'), PosixPath('/app/input/Cormorant_Garamond.zip')] [in /app/video_processor.py:57]
2025-04-10 08:39:53,895 INFO: Processing video with: [in /app/routes.py:112]
2025-04-10 08:39:53,895 INFO: Input folder: /app/input [in /app/routes.py:113]
2025-04-10 08:39:53,895 INFO: Font path: /app/input/BebasNeue-Regular.ttf [in /app/routes.py:114]
2025-04-10 08:39:53,896 INFO: Directory contents: [PosixPath('/app/input/processed_1733135043_affirmation.mp4'), PosixPath('/app/input/body.TXT'), PosixPath('/app/input/processed1739530510image.png'), PosixPath('/app/input/affirmation.mp3'), PosixPath('/app/input/header_text.TXT'), PosixPath('/app/input/BebasNeue-Regular.ttf'), PosixPath('/app/input/test_image.jpg'), PosixPath('/app/input/music.mp3'), PosixPath('/app/input/curl'), PosixPath('/app/input/logo.png'), PosixPath('/app/input/sound.mp3'), PosixPath('/app/input/background.mp4'), PosixPath('/app/input/author.txt'), PosixPath('/app/input/processed1739290123image.png'), PosixPath('/app/input/Cormorant_Garamond.zip')] [in /app/routes.py:115]
2025-04-10 08:39:53,896 INFO: Starting video processing... [in /app/video_processor.py:168]
2025-04-10 08:39:53,897 INFO: Loading audio from: /app/uploads/combined_audio.mp3 [in /app/video_processor.py:180]
2025-04-10 08:39:53,930 INFO: Audio loaded successfully [in /app/video_processor.py:183]
2025-04-10 08:39:53,931 INFO: Loading video from: /app/input/background.mp4 [in /app/video_processor.py:188]
2025-04-10 08:39:53,980 INFO: Video loaded successfully [in /app/video_processor.py:190]
2025-04-10 08:39:53,987 INFO: Creating overlay elements... [in /app/video_processor.py:199]
2025-04-10 08:39:54,112 INFO: Compositing final video... [in /app/video_processor.py:247]
2025-04-10 08:39:54,122 INFO: Writing output to: processed1744274393video.mp4 [in /app/video_processor.py:256]
2025-04-10 08:39:57,481 INFO: Video processing completed: processed1744274393video.mp4 [in /app/video_processor.py:273]
2025-04-10 08:39:57,481 INFO: Starting cleanup of processed videos older than 24 hours... [in /app/video_processor.py:126]
2025-04-10 08:39:57,483 INFO: Cleanup completed. Deleted 0 files. [in /app/video_processor.py:152]
2025-04-10 08:39:57,491 INFO: Response Status: 200 OK [in /app/__init__.py:43]
2025-04-10 08:41:07,585 INFO: Request Method: GET, Path: /download/processed1744274393video.mp4 [in /app/__init__.py:33]
2025-04-10 08:41:07,586 INFO: Headers: {'Accept': 'application/json,text/html,application/xhtml+xml,application/xml,text/*;q=0.9, image/*;q=0.8, */*;q=0.7', 'User-Agent': 'axios/1.8.2', 'Accept-Encoding': 'gzip, compress, deflate, br', 'Host': 'python_editor:8000', 'Connection': 'keep-alive'} [in /app/__init__.py:34]
2025-04-10 08:41:07,587 INFO: Body: b'' [in /app/__init__.py:36]
2025-04-10 08:41:07,588 INFO: Download request for file: processed1744274393video.mp4 [in /app/routes.py:155]
2025-04-10 08:41:07,588 INFO: Looking for file at: /app/processed/processed1744274393video.mp4 [in /app/routes.py:161]
2025-04-10 08:41:07,588 INFO: File exists: True [in /app/routes.py:162]
2025-04-10 08:41:07,588 INFO: File size: 769430 [in /app/routes.py:168]
2025-04-10 08:41:07,588 INFO: File permissions: 644 [in /app/routes.py:169]
2025-04-10 08:41:07,589 INFO: Response Status: 200 OK [in /app/__init__.py:43]
2025-04-10 08:43:25,221 INFO: Request Method: POST, Path: /process_video [in /app/__init__.py:33]
2025-04-10 08:43:25,221 INFO: Headers: {'Accept': 'application/json,text/html,application/xhtml+xml,application/xml,text/*;q=0.9, image/*;q=0.8, */*;q=0.7', 'Content-Type': 'multipart/form-data; boundary=--------------------------417434302692670870223765', 'X-Api-Key': 'ffff2e3743695e2844f766418576b81301376f8a46a45dcb3242ae67cb5ce8e0', 'Connection': 'keep-alive', 'Content-Length': '212652', 'User-Agent': 'axios/1.8.2', 'Accept-Encoding': 'gzip, compress, deflate, br', 'Host': 'python_editor:8000'} [in /app/__init__.py:34]
2025-04-10 08:43:25,222 INFO: Files in request: ['affirmation', 'music'] [in /app/__init__.py:38]
2025-04-10 08:43:25,321 INFO: Affirmation duration: 2.586 seconds [in /app/audio_processor.py:76]
2025-04-10 08:43:25,322 INFO: Music duration: 6.586 seconds [in /app/audio_processor.py:77]
2025-04-10 08:43:25,479 INFO: Using font: /app/input/BebasNeue-Regular.ttf [in /app/video_processor.py:51]
2025-04-10 08:43:25,479 INFO: Input folder: /app/input [in /app/video_processor.py:54]
2025-04-10 08:43:25,479 INFO: Font path: /app/input/BebasNeue-Regular.ttf [in /app/video_processor.py:55]
2025-04-10 08:43:25,479 INFO: Font exists: True [in /app/video_processor.py:56]
2025-04-10 08:43:25,480 INFO: Directory contents: [PosixPath('/app/input/processed_1733135043_affirmation.mp4'), PosixPath('/app/input/body.TXT'), PosixPath('/app/input/processed1739530510image.png'), PosixPath('/app/input/affirmation.mp3'), PosixPath('/app/input/header_text.TXT'), PosixPath('/app/input/BebasNeue-Regular.ttf'), PosixPath('/app/input/test_image.jpg'), PosixPath('/app/input/music.mp3'), PosixPath('/app/input/curl'), PosixPath('/app/input/logo.png'), PosixPath('/app/input/sound.mp3'), PosixPath('/app/input/background.mp4'), PosixPath('/app/input/author.txt'), PosixPath('/app/input/processed1739290123image.png'), PosixPath('/app/input/Cormorant_Garamond.zip')] [in /app/video_processor.py:57]
2025-04-10 08:43:25,480 INFO: Processing video with: [in /app/routes.py:112]
2025-04-10 08:43:25,480 INFO: Input folder: /app/input [in /app/routes.py:113]
2025-04-10 08:43:25,481 INFO: Font path: /app/input/BebasNeue-Regular.ttf [in /app/routes.py:114]
2025-04-10 08:43:25,481 INFO: Directory contents: [PosixPath('/app/input/processed_1733135043_affirmation.mp4'), PosixPath('/app/input/body.TXT'), PosixPath('/app/input/processed1739530510image.png'), PosixPath('/app/input/affirmation.mp3'), PosixPath('/app/input/header_text.TXT'), PosixPath('/app/input/BebasNeue-Regular.ttf'), PosixPath('/app/input/test_image.jpg'), PosixPath('/app/input/music.mp3'), PosixPath('/app/input/curl'), PosixPath('/app/input/logo.png'), PosixPath('/app/input/sound.mp3'), PosixPath('/app/input/background.mp4'), PosixPath('/app/input/author.txt'), PosixPath('/app/input/processed1739290123image.png'), PosixPath('/app/input/Cormorant_Garamond.zip')] [in /app/routes.py:115]
2025-04-10 08:43:25,481 INFO: Starting video processing... [in /app/video_processor.py:168]
2025-04-10 08:43:25,481 INFO: Loading audio from: /app/uploads/combined_audio.mp3 [in /app/video_processor.py:180]
2025-04-10 08:43:25,492 INFO: Audio loaded successfully [in /app/video_processor.py:183]
2025-04-10 08:43:25,492 INFO: Loading video from: /app/input/background.mp4 [in /app/video_processor.py:188]
2025-04-10 08:43:25,534 INFO: Video loaded successfully [in /app/video_processor.py:190]
2025-04-10 08:43:25,537 INFO: Creating overlay elements... [in /app/video_processor.py:199]
2025-04-10 08:43:25,662 INFO: Compositing final video... [in /app/video_processor.py:247]
2025-04-10 08:43:25,672 INFO: Writing output to: processed1744274605video.mp4 [in /app/video_processor.py:256]
2025-04-10 08:43:29,093 INFO: Video processing completed: processed1744274605video.mp4 [in /app/video_processor.py:273]
2025-04-10 08:43:29,093 INFO: Starting cleanup of processed videos older than 24 hours... [in /app/video_processor.py:126]
2025-04-10 08:43:29,094 INFO: Cleanup completed. Deleted 0 files. [in /app/video_processor.py:152]
2025-04-10 08:43:29,104 INFO: Response Status: 200 OK [in /app/__init__.py:43]
2025-04-10 08:44:23,289 INFO: Video service startup [in /app/__init__.py:48]
